app/manifest-merger-release-report.txt
-- Merging decision tree log ---
manifest
ADDED from AndroidManifest.xml:2:1
	xmlns:android
		ADDED from AndroidManifest.xml:2:11
	package
		ADDED from AndroidManifest.xml:3:5
		INJECTED from AndroidManifest.xml:0:0
		INJECTED from AndroidManifest.xml:0:0
	android:versionName
		INJECTED from AndroidManifest.xml:0:0
		INJECTED from AndroidManifest.xml:0:0
	android:versionCode
		INJECTED from AndroidManifest.xml:0:0
		INJECTED from AndroidManifest.xml:0:0
uses-permission#android.permission.INTERNET
ADDED from AndroidManifest.xml:5:5
	android:name
		ADDED from AndroidManifest.xml:5:22
uses-permission#android.permission.ACCESS_NETWORK_STATE
ADDED from AndroidManifest.xml:6:5
	android:name
		ADDED from AndroidManifest.xml:6:22
uses-permission#android.permission.VIBRATE
ADDED from AndroidManifest.xml:7:5
	android:name
		ADDED from AndroidManifest.xml:7:22
application
ADDED from AndroidManifest.xml:9:5
MERGED from com.android.support:appcompat-v7:21.0.3:16:5
MERGED from com.android.support:support-v4:21.0.3:16:5
	android:label
		ADDED from AndroidManifest.xml:12:9
	android:allowBackup
		ADDED from AndroidManifest.xml:10:9
	android:icon
		ADDED from AndroidManifest.xml:11:9
	android:theme
		ADDED from AndroidManifest.xml:13:9
activity#com.byteshaft.namaztime.MainActivity
ADDED from AndroidManifest.xml:14:9
	android:screenOrientation
		ADDED from AndroidManifest.xml:17:13
	android:label
		ADDED from AndroidManifest.xml:16:13
	android:name
		ADDED from AndroidManifest.xml:15:13
intent-filter#android.intent.action.MAIN+android.intent.category.LAUNCHER
ADDED from AndroidManifest.xml:19:13
action#android.intent.action.MAIN
ADDED from AndroidManifest.xml:20:17
	android:name
		ADDED from AndroidManifest.xml:20:25
category#android.intent.category.LAUNCHER
ADDED from AndroidManifest.xml:21:17
	android:name
		ADDED from AndroidManifest.xml:21:27
activity#com.byteshaft.namaztime.fragments.ChangeCity
ADDED from AndroidManifest.xml:24:9
	android:screenOrientation
		ADDED from AndroidManifest.xml:27:13
	android:label
		ADDED from AndroidManifest.xml:26:13
	android:name
		ADDED from AndroidManifest.xml:25:13
intent-filter#android.intent.category.DEFAULT
ADDED from AndroidManifest.xml:29:13
category#android.intent.category.DEFAULT
ADDED from AndroidManifest.xml:30:17
	android:name
		ADDED from AndroidManifest.xml:30:27
receiver#com.byteshaft.namaztime.widget.WidgetProvider
ADDED from AndroidManifest.xml:33:9
	android:label
		ADDED from AndroidManifest.xml:34:19
	android:icon
		ADDED from AndroidManifest.xml:33:50
	android:name
		ADDED from AndroidManifest.xml:33:19
intent-filter#android.appwidget.action.APPWIDGET_UPDATE
ADDED from AndroidManifest.xml:35:13
action#android.appwidget.action.APPWIDGET_UPDATE
ADDED from AndroidManifest.xml:36:17
	android:name
		ADDED from AndroidManifest.xml:36:25
meta-data#android.appwidget.provider
ADDED from AndroidManifest.xml:38:13
	android:resource
		ADDED from AndroidManifest.xml:39:24
	android:name
		ADDED from AndroidManifest.xml:38:24
receiver#com.byteshaft.namaztime.receivers.WidgetReceiver
ADDED from AndroidManifest.xml:41:9
	android:name
		ADDED from AndroidManifest.xml:41:19
receiver#com.byteshaft.namaztime.receivers.NotificationReceiver
ADDED from AndroidManifest.xml:42:9
	android:exported
		ADDED from AndroidManifest.xml:44:13
	android:name
		ADDED from AndroidManifest.xml:43:13
intent-filter#com.byteshaft.shownotification
ADDED from AndroidManifest.xml:45:13
action#com.byteshaft.shownotification
ADDED from AndroidManifest.xml:46:17
	android:name
		ADDED from AndroidManifest.xml:46:25
receiver#com.byteshaft.namaztime.receivers.RingtoneRestoreReceiver
ADDED from AndroidManifest.xml:49:9
	android:exported
		ADDED from AndroidManifest.xml:49:59
	android:name
		ADDED from AndroidManifest.xml:49:19
intent-filter#com.byteshaft.silent
ADDED from AndroidManifest.xml:50:13
action#com.byteshaft.silent
ADDED from AndroidManifest.xml:51:17
	android:name
		ADDED from AndroidManifest.xml:51:25
receiver#com.byteshaft.namaztime.receivers.AlarmNotification
ADDED from AndroidManifest.xml:55:9
	android:exported
		ADDED from AndroidManifest.xml:55:53
	android:name
		ADDED from AndroidManifest.xml:55:19
intent-filter#com.byteshaft.setalarm
ADDED from AndroidManifest.xml:56:13
action#com.byteshaft.setalarm
ADDED from AndroidManifest.xml:57:17
	android:name
		ADDED from AndroidManifest.xml:57:25
receiver#com.byteshaft.namaztime.receivers.NextNamazTimeReceiver
ADDED from AndroidManifest.xml:60:9
	android:exported
		ADDED from AndroidManifest.xml:60:57
	android:name
		ADDED from AndroidManifest.xml:60:19
intent-filter#com.byteshaft.setnextalarm
ADDED from AndroidManifest.xml:61:13
action#com.byteshaft.setnextalarm
ADDED from AndroidManifest.xml:62:17
	android:name
		ADDED from AndroidManifest.xml:62:25
receiver#com.byteshaft.namaztime.receivers.StandardAlarmReceiver
ADDED from AndroidManifest.xml:65:9
	android:exported
		ADDED from AndroidManifest.xml:65:57
	android:name
		ADDED from AndroidManifest.xml:65:19
intent-filter#com.byteShaft.standardalarm
ADDED from AndroidManifest.xml:66:13
action#com.byteShaft.standardalarm
ADDED from AndroidManifest.xml:67:17
	android:name
		ADDED from AndroidManifest.xml:67:25
uses-sdk
INJECTED from AndroidManifest.xml:0:0 reason: use-sdk injection requested
MERGED from com.android.support:appcompat-v7:21.0.3:15:5
MERGED from com.android.support:support-v4:21.0.3:15:5
	android:targetSdkVersion
		INJECTED from AndroidManifest.xml:0:0
		INJECTED from AndroidManifest.xml:0:0
	android:minSdkVersion
		INJECTED from AndroidManifest.xml:0:0
		INJECTED from AndroidManifest.xml:0:0